<?xml version="1.0" encoding="UTF-8"?>
<!-- Generated by org.testng.reporters.JUnitReportReporter -->
<testsuite hostname="LAPTOP-QR6HAS8M" failures="0" tests="1" name="test.DeleteBusTest" time="11.259" errors="0" timestamp="2022-08-23T18:23:59 IST" skipped="0">
  <testcase classname="test.DeleteBusTest" name="deleteBusDetails" time="11.259"/>
  <system-out/>
</testsuite> <!-- test.DeleteBusTest -->
