<?xml version="1.0" encoding="UTF-8"?>
<!-- Generated by org.testng.reporters.JUnitReportReporter -->
<testsuite hostname="LAPTOP-QR6HAS8M" failures="0" tests="1" name="test.BusAvailablityTest" time="6.596" errors="0" timestamp="2022-08-23T18:33:49 IST" skipped="0">
  <testcase classname="test.BusAvailablityTest" name="searchBusAvaiablity" time="6.596"/>
  <system-out/>
</testsuite> <!-- test.BusAvailablityTest -->
