<?xml version="1.0" encoding="UTF-8"?>
<!-- Generated by org.testng.reporters.JUnitReportReporter -->
<testsuite hostname="LAPTOP-QR6HAS8M" failures="0" tests="1" name="test.LoginPageTest" time="6.705" errors="0" timestamp="2022-08-23T18:05:52 IST" skipped="0">
  <testcase classname="test.LoginPageTest" name="loginPageTest" time="6.705"/>
  <system-out/>
</testsuite> <!-- test.LoginPageTest -->
