<?xml version="1.0" encoding="UTF-8"?>
<!-- Generated by org.testng.reporters.JUnitReportReporter -->
<testsuite hostname="LAPTOP-QR6HAS8M" failures="0" tests="1" name="test.BusBookingSystemTest" time="15.388" errors="0" timestamp="2022-08-23T16:05:27 IST" skipped="0">
  <testcase classname="test.BusBookingSystemTest" name="loginPageTestValidCred" time="15.388"/>
  <system-out/>
</testsuite> <!-- test.BusBookingSystemTest -->
