<?xml version="1.0" encoding="UTF-8"?>
<!-- Generated by org.testng.reporters.JUnitReportReporter -->
<testsuite hostname="LAPTOP-QR6HAS8M" failures="0" tests="1" name="test.EditBusTest" time="8.164" errors="0" timestamp="2022-08-23T18:20:25 IST" skipped="0">
  <testcase classname="test.EditBusTest" name="editBusDetails" time="8.164"/>
  <system-out/>
</testsuite> <!-- test.EditBusTest -->
