<?xml version="1.0" encoding="UTF-8"?>
<!-- Generated by org.testng.reporters.JUnitReportReporter -->
<testsuite hostname="LAPTOP-QR6HAS8M" failures="0" tests="2" name="test.BusAvailablityAddEditTest" time="19.245" errors="0" timestamp="2022-08-23T18:33:49 IST" skipped="0">
  <testcase classname="test.BusAvailablityAddEditTest" name="availablityByAdmin" time="12.430"/>
  <system-out/>
  <testcase classname="test.BusAvailablityAddEditTest" name="availablityByCustomer" time="6.815"/>
  <system-out/>
</testsuite> <!-- test.BusAvailablityAddEditTest -->
